<?xml version="1.0" encoding="UTF-8"?>
<!-- Generated by org.testng.reporters.JUnitReportReporter -->
<testsuite hostname="DESKTOP-9M55QQJ" failures="0" tests="2" name="CrossBrowserStudy.crossBrowserTesting" time="10.686" errors="0" timestamp="2022-12-11T20:57:03 IST" skipped="0">
  <testcase classname="CrossBrowserStudy.crossBrowserTesting" name="BrowserTest" time="3.522"/>
  <system-out/>
  <testcase classname="CrossBrowserStudy.crossBrowserTesting" name="BrowserTest" time="7.164"/>
  <system-out/>
</testsuite> <!-- CrossBrowserStudy.crossBrowserTesting -->
